<?xml version="1.0" encoding="UTF-8"?>
<testng-results skipped="0" failed="0" ignored="0" total="1" passed="1">
  <reporter-output>
  </reporter-output>
  <suite name="Default suite" duration-ms="60022" started-at="2020-03-23T13:06:43Z" finished-at="2020-03-23T13:07:43Z">
    <groups>
    </groups>
    <test name="Default test" duration-ms="60022" started-at="2020-03-23T13:06:43Z" finished-at="2020-03-23T13:07:43Z">
      <class name="Test.test">
        <test-method status="PASS" signature="test_Home_Page_Appear_Correct()[pri:0, instance:Test.test@18eed359]" name="test_Home_Page_Appear_Correct" duration-ms="59609" started-at="2020-03-23T13:06:43Z" finished-at="2020-03-23T13:07:43Z">
          <reporter-output>
          </reporter-output>
        </test-method> <!-- test_Home_Page_Appear_Correct -->
      </class> <!-- Test.test -->
    </test> <!-- Default test -->
  </suite> <!-- Default suite -->
</testng-results>
