<?xml version="1.0" encoding="UTF-8"?>
<testng-results skipped="0" failed="0" ignored="0" total="1" passed="1">
  <reporter-output>
  </reporter-output>
  <suite name="Default suite" duration-ms="57381" started-at="2020-03-24T05:11:21Z" finished-at="2020-03-24T05:12:18Z">
    <groups>
    </groups>
    <test name="Default test" duration-ms="57381" started-at="2020-03-24T05:11:21Z" finished-at="2020-03-24T05:12:18Z">
      <class name="Test.test">
        <test-method status="PASS" signature="test_Home_Page_Appear_Correct()[pri:0, instance:Test.test@148080bb]" name="test_Home_Page_Appear_Correct" duration-ms="57060" started-at="2020-03-24T05:11:21Z" finished-at="2020-03-24T05:12:18Z">
          <reporter-output>
          </reporter-output>
        </test-method> <!-- test_Home_Page_Appear_Correct -->
      </class> <!-- Test.test -->
    </test> <!-- Default test -->
  </suite> <!-- Default suite -->
</testng-results>
